<?xml version="1.0" encoding="UTF-8"?>
<!-- Generated by org.testng.reporters.JUnitXMLReporter -->
<testsuite ignored="0" hostname="LAPTOP-3CRLH9VA" failures="1" tests="1" name="Default test" time="0.766" errors="0" timestamp="2024-06-11T17:12:39 IST">
  <testcase classname="io.cucumber.testng.AbstractTestNGCucumberTests" name="runScenario" time="0.102">
    <failure type="java.lang.NullPointerException" message="Cannot invoke &amp;quot;io.appium.java_client.android.AndroidDriver.findElement(org.openqa.selenium.By)&amp;quot; because &amp;quot;this.driver&amp;quot; is null">
      <![CDATA[java.lang.NullPointerException: Cannot invoke "io.appium.java_client.android.AndroidDriver.findElement(org.openqa.selenium.By)" because "this.driver" is null
at SalesPage.LoginPage.user_enter_the1(LoginPage.java:28)
at StepDefinition.LoginStep.user_enter_the1(LoginStep.java:29)
at ✽.User Enter the "Priyansh.Jauhari@innoage.in"(file:///C:/MobilAutomation/Salesapp/SalesAPP/src/test/java/Feature/login.feature:9)
]]>
    </failure>
  </testcase> <!-- runScenario -->
</testsuite> <!-- Default test -->
