<?xml version="1.0" encoding="UTF-8"?>
<!-- Generated by org.testng.reporters.JUnitReportReporter -->
<testsuite hostname="LAPTOP-3CRLH9VA" failures="0" tests="1" name="Runner.TestRunner" time="0.102" errors="1" timestamp="2024-06-11T17:12:39 IST" skipped="0">
  <testcase classname="Runner.TestRunner" name="runScenario" time="0.102">
    <error message="Cannot invoke &quot;io.appium.java_client.android.AndroidDriver.findElement(org.openqa.selenium.By)&quot; because &quot;this.driver&quot; is null" type="java.lang.NullPointerException">
      <![CDATA[java.lang.NullPointerException: Cannot invoke "io.appium.java_client.android.AndroidDriver.findElement(org.openqa.selenium.By)" because "this.driver" is null
at SalesPage.LoginPage.user_enter_the1(LoginPage.java:28)
at StepDefinition.LoginStep.user_enter_the1(LoginStep.java:29)
at ✽.User Enter the "Priyansh.Jauhari@innoage.in"(file:///C:/MobilAutomation/Salesapp/SalesAPP/src/test/java/Feature/login.feature:9)
]]>
    </error>
  </testcase> <!-- runScenario -->
  <system-out/>
</testsuite> <!-- Runner.TestRunner -->
