<?xml version="1.0" encoding="UTF-8"?>
<testng-results ignored="0" total="1" passed="0" failed="1" skipped="0">
  <reporter-output>
  </reporter-output>
  <suite started-at="2024-06-11T17:12:38 IST" name="Default suite" finished-at="2024-06-11T17:12:39 IST" duration-ms="766">
    <groups>
      <group name="cucumber">
        <method signature="AbstractTestNGCucumberTests.runScenario(io.cucumber.testng.PickleWrapper,io.cucumber.testng.FeatureWrapper)[pri:0, instance:Runner.TestRunner@5d534f5d]" name="runScenario" class="io.cucumber.testng.AbstractTestNGCucumberTests"/>
      </group> <!-- cucumber -->
    </groups>
    <test started-at="2024-06-11T17:12:38 IST" name="Default test" finished-at="2024-06-11T17:12:39 IST" duration-ms="766">
      <class name="Runner.TestRunner">
        <test-method is-config="true" signature="setUpClass(org.testng.ITestContext)[pri:0, instance:Runner.TestRunner@5d534f5d]" started-at="2024-06-11T17:12:38 IST" name="setUpClass" finished-at="2024-06-11T17:12:39 IST" duration-ms="601" status="PASS">
          <params>
            <param index="0">
              <value>
                <![CDATA[org.testng.TestRunner@74a195a4]]>
              </value>
            </param>
          </params>
          <reporter-output>
          </reporter-output>
        </test-method> <!-- setUpClass -->
        <test-method signature="runScenario(io.cucumber.testng.PickleWrapper,io.cucumber.testng.FeatureWrapper)[pri:0, instance:Runner.TestRunner@5d534f5d]" started-at="2024-06-11T17:12:39 IST" name="runScenario" description="Runs Cucumber Scenarios" data-provider="scenarios" finished-at="2024-06-11T17:12:39 IST" duration-ms="102" status="FAIL">
          <params>
            <param index="0">
              <value>
                <![CDATA["Verify The Login Functionality with Valid Credentials"]]>
              </value>
            </param>
            <param index="1">
              <value>
                <![CDATA["Login funtionality"]]>
              </value>
            </param>
          </params>
          <exception class="java.lang.NullPointerException">
            <message>
              <![CDATA[Cannot invoke "io.appium.java_client.android.AndroidDriver.findElement(org.openqa.selenium.By)" because "this.driver" is null]]>
            </message>
            <full-stacktrace>
              <![CDATA[java.lang.NullPointerException: Cannot invoke "io.appium.java_client.android.AndroidDriver.findElement(org.openqa.selenium.By)" because "this.driver" is null
at SalesPage.LoginPage.user_enter_the1(LoginPage.java:28)
at StepDefinition.LoginStep.user_enter_the1(LoginStep.java:29)
at ✽.User Enter the "Priyansh.Jauhari@innoage.in"(file:///C:/MobilAutomation/Salesapp/SalesAPP/src/test/java/Feature/login.feature:9)
]]>
            </full-stacktrace>
          </exception> <!-- java.lang.NullPointerException -->
          <reporter-output>
          </reporter-output>
        </test-method> <!-- runScenario -->
        <test-method is-config="true" signature="tearDownClass()[pri:0, instance:Runner.TestRunner@5d534f5d]" started-at="2024-06-11T17:12:39 IST" name="tearDownClass" finished-at="2024-06-11T17:12:39 IST" duration-ms="25" status="PASS">
          <reporter-output>
          </reporter-output>
        </test-method> <!-- tearDownClass -->
      </class> <!-- Runner.TestRunner -->
    </test> <!-- Default test -->
  </suite> <!-- Default suite -->
</testng-results>
